app/build/outputs/logs/manifest-merger-debug-report.txt
-- Merging decision tree log ---
manifest
ADDED from src/main/AndroidManifest.xml:2:1-86:12
	package
		ADDED from src/main/AndroidManifest.xml:3:5-56
		INJECTED from src/main/AndroidManifest.xml
		INJECTED from src/main/AndroidManifest.xml
	android:versionName
		ADDED from src/main/AndroidManifest.xml:5:5-31
		INJECTED from src/main/AndroidManifest.xml
		INJECTED from src/main/AndroidManifest.xml
	android:versionCode
		ADDED from src/main/AndroidManifest.xml:4:5-28
		INJECTED from src/main/AndroidManifest.xml
		INJECTED from src/main/AndroidManifest.xml
	xmlns:android
		ADDED from src/main/AndroidManifest.xml:2:11-69
uses-sdk
ADDED from src/main/AndroidManifest.xml:7:5-9:41
MERGED from [com.android.support:appcompat-v7:21.0.3] AndroidManifest.xml:15:5-42
MERGED from [com.android.support:support-v4:21.0.3] AndroidManifest.xml:15:5-42
MERGED from [com.android.support:support-v4:21.0.3] AndroidManifest.xml:15:5-42
	android:targetSdkVersion
		ADDED from src/main/AndroidManifest.xml:9:9-38
		INJECTED from src/main/AndroidManifest.xml
		INJECTED from src/main/AndroidManifest.xml
	android:minSdkVersion
		ADDED from src/main/AndroidManifest.xml:8:9-35
		INJECTED from src/main/AndroidManifest.xml
		INJECTED from src/main/AndroidManifest.xml
uses-permission#android.permission.INTERNET
ADDED from src/main/AndroidManifest.xml:11:5-67
	android:name
		ADDED from src/main/AndroidManifest.xml:11:22-64
uses-permission#android.permission.WRITE_EXTERNAL_STORAGE
ADDED from src/main/AndroidManifest.xml:12:5-81
	android:name
		ADDED from src/main/AndroidManifest.xml:12:22-78
uses-permission#android.permission.READ_EXTERNAL_STORAGE
ADDED from src/main/AndroidManifest.xml:13:5-80
	android:name
		ADDED from src/main/AndroidManifest.xml:13:22-77
uses-permission#android.permission.RECORD_AUDIO
ADDED from src/main/AndroidManifest.xml:14:3-69
	android:name
		ADDED from src/main/AndroidManifest.xml:14:20-66
uses-feature#android.hardware.microphone
ADDED from src/main/AndroidManifest.xml:16:3-87
	android:required
		ADDED from src/main/AndroidManifest.xml:16:60-84
	android:name
		ADDED from src/main/AndroidManifest.xml:16:17-59
uses-feature#android.hardware.camera
ADDED from src/main/AndroidManifest.xml:17:3-83
	android:required
		ADDED from src/main/AndroidManifest.xml:17:56-80
	android:name
		ADDED from src/main/AndroidManifest.xml:17:17-55
application
ADDED from src/main/AndroidManifest.xml:20:5-84:19
MERGED from [com.android.support:appcompat-v7:21.0.3] AndroidManifest.xml:16:5-19
MERGED from [com.android.support:support-v4:21.0.3] AndroidManifest.xml:16:5-19
MERGED from [com.android.support:support-v4:21.0.3] AndroidManifest.xml:16:5-19
	android:label
		ADDED from src/main/AndroidManifest.xml:23:9-41
	android:allowBackup
		ADDED from src/main/AndroidManifest.xml:21:9-35
	android:icon
		ADDED from src/main/AndroidManifest.xml:22:9-50
	android:theme
		ADDED from src/main/AndroidManifest.xml:24:9-40
activity#edu.haverford.cs.zapotectalkingdictionary.MainActivity
ADDED from src/main/AndroidManifest.xml:25:9-44:20
	android:label
		ADDED from src/main/AndroidManifest.xml:28:13-45
	android:launchMode
		ADDED from src/main/AndroidManifest.xml:29:13-43
	android:windowSoftInputMode
		ADDED from src/main/AndroidManifest.xml:30:13-54
	android:configChanges
		ADDED from src/main/AndroidManifest.xml:27:13-68
	android:name
		ADDED from src/main/AndroidManifest.xml:26:13-82
intent-filter#android.intent.action.SEARCH
ADDED from src/main/AndroidManifest.xml:31:13-33:29
action#android.intent.action.SEARCH
ADDED from src/main/AndroidManifest.xml:32:17-71
	android:name
		ADDED from src/main/AndroidManifest.xml:32:25-68
meta-data#android.app.searchable
ADDED from src/main/AndroidManifest.xml:35:13-37:54
	android:resource
		ADDED from src/main/AndroidManifest.xml:37:17-51
	android:name
		ADDED from src/main/AndroidManifest.xml:36:17-54
intent-filter#android.intent.action.MAIN+android.intent.category.LAUNCHER
ADDED from src/main/AndroidManifest.xml:39:13-43:29
action#android.intent.action.MAIN
ADDED from src/main/AndroidManifest.xml:40:17-69
	android:name
		ADDED from src/main/AndroidManifest.xml:40:25-66
category#android.intent.category.LAUNCHER
ADDED from src/main/AndroidManifest.xml:42:17-77
	android:name
		ADDED from src/main/AndroidManifest.xml:42:27-74
activity#com.dropbox.client2.android.AuthActivity
ADDED from src/main/AndroidManifest.xml:44:20-58:20
	android:launchMode
		ADDED from src/main/AndroidManifest.xml:47:13-44
	android:configChanges
		ADDED from src/main/AndroidManifest.xml:46:13-57
	android:name
		ADDED from src/main/AndroidManifest.xml:45:13-68
intent-filter#android.intent.action.VIEW+android.intent.category.BROWSABLE+android.intent.category.DEFAULT
ADDED from src/main/AndroidManifest.xml:48:13-57:29
data
ADDED from src/main/AndroidManifest.xml:51:17-61
	android:scheme
		ADDED from src/main/AndroidManifest.xml:51:23-58
action#android.intent.action.VIEW
ADDED from src/main/AndroidManifest.xml:53:17-69
	android:name
		ADDED from src/main/AndroidManifest.xml:53:25-66
category#android.intent.category.BROWSABLE
ADDED from src/main/AndroidManifest.xml:55:17-78
	android:name
		ADDED from src/main/AndroidManifest.xml:55:27-75
category#android.intent.category.DEFAULT
ADDED from src/main/AndroidManifest.xml:56:17-76
	android:name
		ADDED from src/main/AndroidManifest.xml:56:27-73
activity#edu.haverford.cs.zapotectalkingdictionary.MenuActivity
ADDED from src/main/AndroidManifest.xml:60:9-63:20
	android:label
		ADDED from src/main/AndroidManifest.xml:62:13-56
	android:name
		ADDED from src/main/AndroidManifest.xml:61:13-41
activity#edu.haverford.cs.zapotectalkingdictionary.WordDefinitionActivity
ADDED from src/main/AndroidManifest.xml:64:9-67:20
	android:label
		ADDED from src/main/AndroidManifest.xml:66:13-67
	android:name
		ADDED from src/main/AndroidManifest.xml:65:13-51
activity#edu.haverford.cs.zapotectalkingdictionary.SearchFragment
ADDED from src/main/AndroidManifest.xml:68:9-71:20
	android:label
		ADDED from src/main/AndroidManifest.xml:70:13-67
	android:name
		ADDED from src/main/AndroidManifest.xml:69:13-43
activity#edu.haverford.cs.zapotectalkingdictionary.SearchActivity
ADDED from src/main/AndroidManifest.xml:72:9-75:20
	android:label
		ADDED from src/main/AndroidManifest.xml:74:13-58
	android:name
		ADDED from src/main/AndroidManifest.xml:73:13-43
activity#edu.haverford.cs.zapotectalkingdictionary.AudioCaptureFragment
ADDED from src/main/AndroidManifest.xml:76:9-79:20
	android:label
		ADDED from src/main/AndroidManifest.xml:78:13-42
	android:name
		ADDED from src/main/AndroidManifest.xml:77:13-49
activity#edu.haverford.cs.zapotectalkingdictionary.UploadActivity
ADDED from src/main/AndroidManifest.xml:80:9-83:20
	android:label
		ADDED from src/main/AndroidManifest.xml:82:13-58
	android:name
		ADDED from src/main/AndroidManifest.xml:81:13-43